C51 COMPILER V9.56.0.0   BSP_DELAY                                                         11/29/2017 13:20:59 PAGE 1   


C51 COMPILER V9.56.0.0, COMPILATION OF MODULE BSP_DELAY
OBJECT MODULE PLACED IN ..\Output\bsp_Delay.obj
COMPILER INVOKED BY: D:\Keil_v5\C51\BIN\C51.EXE ..\User\bsp_Delay.c OPTIMIZE(8,SPEED) BROWSE INCDIR(..\User) DEBUG OBJEC
                    -TEXTEND PRINT(..\Listing\bsp_Delay.lst) TABS(6) OBJECT(..\Output\bsp_Delay.obj)

line level    source

   1          #include "bsp_Delay.h"
   2          
   3          /***************************************************/
   4          
   5          void delay_10us(void)    // ÑÓÊ±10us
   6          {
   7   1          unsigned char a;
   8   1          for(a=3;a>0;a--);
   9   1      }


MODULE INFORMATION:   STATIC OVERLAYABLE
   CODE SIZE        =      5    ----
   CONSTANT SIZE    =   ----    ----
   XDATA SIZE       =   ----    ----
   PDATA SIZE       =   ----    ----
   DATA SIZE        =   ----    ----
   IDATA SIZE       =   ----    ----
   BIT SIZE         =   ----    ----
END OF MODULE INFORMATION.


C51 COMPILATION COMPLETE.  0 WARNING(S),  0 ERROR(S)
