C51 COMPILER V9.56.0.0   BSP_INIT                                                          12/17/2017 10:47:24 PAGE 1   


C51 COMPILER V9.56.0.0, COMPILATION OF MODULE BSP_INIT
OBJECT MODULE PLACED IN ..\Output\bsp_Init.obj
COMPILER INVOKED BY: D:\Keil_v5\C51\BIN\C51.EXE ..\User\bsp_Init.c OPTIMIZE(8,SPEED) BROWSE INCDIR(..\User) DEBUG OBJECT
                    -EXTEND PRINT(..\Listing\bsp_Init.lst) TABS(6) OBJECT(..\Output\bsp_Init.obj)

line level    source

   1          #include "bsp_Init.h"
   2          
   3          extern char SendByte (char dat);
   4          extern void Start( void );
   5          extern void Stop ( void );
   6          extern void delay_10us ( void );
   7          
   8          
   9          void Init(void)
  10          {
  11   1                  /*          串口初始化            */
  12   1                  TMOD=0x20;  
  13   1                  TL1 = 0xFD;       //设定定时初值
  14   1                  TH1 = 0xFD;       //设定定时器重装值
  15   1                  PCON=0x00;
  16   1                  TR1=1;
  17   1                  SCON=0x50;
  18   1                  EA=1;
  19   1                  ES=1;
  20   1      }
  21          
  22          
  23          
  24          


MODULE INFORMATION:   STATIC OVERLAYABLE
   CODE SIZE        =     22    ----
   CONSTANT SIZE    =   ----    ----
   XDATA SIZE       =   ----    ----
   PDATA SIZE       =   ----    ----
   DATA SIZE        =   ----    ----
   IDATA SIZE       =   ----    ----
   BIT SIZE         =   ----    ----
END OF MODULE INFORMATION.


C51 COMPILATION COMPLETE.  0 WARNING(S),  0 ERROR(S)
