C51 COMPILER V9.56.0.0   MAIN                                                              12/17/2017 10:47:24 PAGE 1   


C51 COMPILER V9.56.0.0, COMPILATION OF MODULE MAIN
OBJECT MODULE PLACED IN ..\Output\main.obj
COMPILER INVOKED BY: D:\Keil_v5\C51\BIN\C51.EXE ..\User\main.c OPTIMIZE(8,SPEED) BROWSE INCDIR(..\User) DEBUG OBJECTEXTE
                    -ND PRINT(..\Listing\main.lst) TABS(6) OBJECT(..\Output\main.obj)

line level    source

   1          #include<reg51.h>
   2          #include <intrins.h>
   3          #include "bsp_I2C.h"
   4          #include "bsp_LED_1602A.h"
   5          
   6          
   7          int main()    
   8          {
   9   1                  init_lcd();
  10   1                  led_Show(0,0,"LYX is SB!!");
  11   1                  led_Show(1,3,"Thank you!!!");
  12   1                  while(1);
  13   1      }


MODULE INFORMATION:   STATIC OVERLAYABLE
   CODE SIZE        =     36    ----
   CONSTANT SIZE    =     25    ----
   XDATA SIZE       =   ----    ----
   PDATA SIZE       =   ----    ----
   DATA SIZE        =   ----    ----
   IDATA SIZE       =   ----    ----
   BIT SIZE         =   ----    ----
END OF MODULE INFORMATION.


C51 COMPILATION COMPLETE.  0 WARNING(S),  0 ERROR(S)
