C51 COMPILER V9.56.0.0   RECIVER                                                           10/18/2017 23:28:22 PAGE 1   


C51 COMPILER V9.56.0.0, COMPILATION OF MODULE RECIVER
OBJECT MODULE PLACED IN ..\Output\reciver.obj
COMPILER INVOKED BY: D:\Keil_v5\C51\BIN\C51.EXE ..\User\reciver.c OPTIMIZE(8,SPEED) BROWSE INCDIR(..\User) DEBUG OBJECTE
                    -XTEND PRINT(..\Listing\reciver.lst) TABS(6) OBJECT(..\Output\reciver.obj)

line level    source

   1          /*接收程序*/
   2          #include<reg51.h>
   3          
   4          typedef unsigned char u8;
   5          u8 pf;
   6          
   7          void Init() 
   8          {
   9   1                  IE=0xff;
  10   1                  /*          串口初始化            */
  11   1                  TMOD=0x20;  
  12   1                  TH1=0xf3;
  13   1                  TL1=0xf3;
  14   1                  PCON=0x80;
  15   1                  TR1=1;
  16   1                  SCON=0x50;
  17   1      
  18   1                  /*          外部中断0初始化          */
  19   1                  IT0=1;
  20   1      }
  21          
  22          
  23          void main()    
  24          {
  25   1                  Init();
  26   1                  while(1)
  27   1      }
*** ERROR C141 IN LINE 27 OF ..\User\reciver.c: syntax error near '}'
  28          
  29          void usart() interrupt 4
  30          {
  31   1                  u8 receiveDate;
  32   1                  receiveDate=SBUF;
  33   1                  RI=0;
  34   1                  SBUF=receiveDate;
  35   1                  while (!TI);
  36   1                  TI=0;
  37   1      }
  38          
  39          u8 scan(void)
  40          {
  41   1      }

C51 COMPILATION COMPLETE.  0 WARNING(S),  1 ERROR(S)
