C51 COMPILER V9.56.0.0   MAIN                                                              11/29/2017 19:18:58 PAGE 1   


C51 COMPILER V9.56.0.0, COMPILATION OF MODULE MAIN
OBJECT MODULE PLACED IN ..\Output\main.obj
COMPILER INVOKED BY: D:\Keil_v5\C51\BIN\C51.EXE ..\User\main.c OPTIMIZE(8,SPEED) BROWSE INCDIR(..\User) DEBUG OBJECTEXTE
                    -ND PRINT(..\Listing\main.lst) TABS(6) OBJECT(..\Output\main.obj)

line level    source

   1          #include<reg51.h>
   2          #include "bsp_AT24C02.h"
   3          
   4          int main()    
   5          {
   6   1                  while(1)
   7   1                  {
   8   2                              
   9   2                  }
  10   1      }


MODULE INFORMATION:   STATIC OVERLAYABLE
   CODE SIZE        =      2    ----
   CONSTANT SIZE    =   ----    ----
   XDATA SIZE       =   ----    ----
   PDATA SIZE       =   ----    ----
   DATA SIZE        =   ----    ----
   IDATA SIZE       =   ----    ----
   BIT SIZE         =   ----    ----
END OF MODULE INFORMATION.


C51 COMPILATION COMPLETE.  0 WARNING(S),  0 ERROR(S)
