C51 COMPILER V9.56.0.0   BSP_MESSAGE                                                       11/09/2017 23:09:45 PAGE 1   


C51 COMPILER V9.56.0.0, COMPILATION OF MODULE BSP_MESSAGE
OBJECT MODULE PLACED IN ..\Output\bsp_message.obj
COMPILER INVOKED BY: D:\Keil_v5\C51\BIN\C51.EXE ..\User\bsp_message.c OPTIMIZE(8,SPEED) BROWSE INCDIR(..\User) DEBUG OBJ
                    -ECTEXTEND PRINT(..\Listing\bsp_message.lst) TABS(6) OBJECT(..\Output\bsp_message.obj)

line level    source

   1          #include "bsp_message.h"
   2          
   3          void delay_10us(void)    // ÑÓÊ±10us
   4          {
   5   1          unsigned char a;
   6   1          for(a=3;a>0;a--);
   7   1      }
   8          
   9          
  10          void Start(void)
  11          {
  12   1                  SCL=1;
  13   1                  delay_10us();
  14   1                  SDA=1;
  15   1                  delay_10us();
  16   1                  SDA=0;
  17   1                  delay_10us();
  18   1                  SCL=0;
  19   1                  delay_10us();
  20   1      }
  21          
  22          void Stop(void)
  23          {
  24   1                  SDA=0;
  25   1                  delay_10us();
  26   1                  SCL=1;
  27   1                  delay_10us();
  28   1                  SDA=1;
  29   1                  delay_10us();
  30   1                  SDA=0;
  31   1                  delay_10us();
  32   1      }


MODULE INFORMATION:   STATIC OVERLAYABLE
   CODE SIZE        =     38    ----
   CONSTANT SIZE    =   ----    ----
   XDATA SIZE       =   ----    ----
   PDATA SIZE       =   ----    ----
   DATA SIZE        =   ----    ----
   IDATA SIZE       =   ----    ----
   BIT SIZE         =   ----    ----
END OF MODULE INFORMATION.


C51 COMPILATION COMPLETE.  0 WARNING(S),  0 ERROR(S)
