C51 COMPILER V9.56.0.0   BSP_AT24C02                                                       12/02/2017 13:14:22 PAGE 1   


C51 COMPILER V9.56.0.0, COMPILATION OF MODULE BSP_AT24C02
OBJECT MODULE PLACED IN ..\Output\bsp_AT24C02.obj
COMPILER INVOKED BY: D:\Keil_v5\C51\BIN\C51.EXE ..\User\bsp_AT24C02.c OPTIMIZE(8,SPEED) BROWSE INCDIR(..\User) DEBUG OBJ
                    -ECTEXTEND PRINT(..\Listing\bsp_AT24C02.lst) TABS(6) OBJECT(..\Output\bsp_AT24C02.obj)

line level    source

   1          #include "bsp_AT24C02.h"
   2          
   3          void AT24C02_Write(char addr,char date)
   4          {
   5   1                  I2C_Start();
   6   1                  I2C_SendByte (0xa0);
   7   1                  I2C_SendByte (addr);
   8   1                  I2C_SendByte (date);
   9   1                  I2C_Stop();
  10   1      }
  11          
  12          char AT24C02_Read(char addr)
  13          {
  14   1                  char dat;
  15   1                  I2C_Start();
  16   1                  I2C_SendByte (0xa0);
  17   1                  I2C_SendByte (addr);
  18   1                  I2C_Start();
  19   1                  I2C_SendByte (0xa1);
  20   1                  dat=I2C_ReciverByte ();
  21   1                  I2C_Stop();
  22   1                  return dat;
  23   1      }
  24          
  25          
  26                


MODULE INFORMATION:   STATIC OVERLAYABLE
   CODE SIZE        =     59    ----
   CONSTANT SIZE    =   ----    ----
   XDATA SIZE       =   ----    ----
   PDATA SIZE       =   ----    ----
   DATA SIZE        =   ----       4
   IDATA SIZE       =   ----    ----
   BIT SIZE         =   ----    ----
END OF MODULE INFORMATION.


C51 COMPILATION COMPLETE.  0 WARNING(S),  0 ERROR(S)
