C51 COMPILER V9.56.0.0   MAIN                                                              12/02/2017 13:14:22 PAGE 1   


C51 COMPILER V9.56.0.0, COMPILATION OF MODULE MAIN
OBJECT MODULE PLACED IN ..\Output\main.obj
COMPILER INVOKED BY: D:\Keil_v5\C51\BIN\C51.EXE ..\User\main.c OPTIMIZE(8,SPEED) BROWSE INCDIR(..\User) DEBUG OBJECTEXTE
                    -ND PRINT(..\Listing\main.lst) TABS(6) OBJECT(..\Output\main.obj)

line level    source

   1          #include <reg51.h>
   2          #include <stdio.h>
   3          #include "bsp_I2C.h"
   4          #include "bsp_LED_1602A.h"
   5          #include "bsp_AT24C02.h"
   6          
   7          int main()    
   8          {           
   9   1                  int num=0;
  10   1                  char NUM[10];
  11   1                  init_lcd();
  12   1      
  13   1                  AT24C02_Write (1,100);
  14   1                  Delay_1ms(1);
  15   1                  num=AT24C02_Read(1);
  16   1                  sprintf(NUM,"%d",num);
  17   1                  
  18   1                  led_Show(0,0,"AT24C02 NUM =");
  19   1                  led_Show(1,3,NUM);
  20   1                  while(1);
  21   1      }
  22          


MODULE INFORMATION:   STATIC OVERLAYABLE
   CODE SIZE        =     82    ----
   CONSTANT SIZE    =     17    ----
   XDATA SIZE       =   ----    ----
   PDATA SIZE       =   ----    ----
   DATA SIZE        =   ----      10
   IDATA SIZE       =   ----    ----
   BIT SIZE         =   ----    ----
END OF MODULE INFORMATION.


C51 COMPILATION COMPLETE.  0 WARNING(S),  0 ERROR(S)
