C51 COMPILER V9.56.0.0   BSP_KEY                                                           10/17/2017 18:17:34 PAGE 1   


C51 COMPILER V9.56.0.0, COMPILATION OF MODULE BSP_KEY
OBJECT MODULE PLACED IN ..\Output\bsp_key.obj
COMPILER INVOKED BY: D:\Program Files (x86)\keil\C51\BIN\C51.EXE ..\User\bsp_key.c OPTIMIZE(8,SPEED) BROWSE INCDIR(..\Us
                    -er) DEBUG OBJECTEXTEND PRINT(..\Listing\bsp_key.lst) TABS(8) OBJECT(..\Output\bsp_key.obj)

line level    source

   1          #include "bsp_key.h"
   2          
   3          int key_press(void)                     //捕获按键函数
   4          {
   5   1             char key=0xff;
   6   1             int i=0;
   7   1             if(P2!=0xff)
   8   1             {
   9   2                    delay(1);
  10   2                    if(P2!=0xff)
  11   2                    {
  12   3                           key=P2;
  13   3                           while((i<20)&&(P2!=0xff))
  14   3                           {
  15   4                                  i++;
  16   4                                  delay(1);
  17   4                           }
  18   3                    }
  19   2             }
  20   1             return key;
  21   1      }
  22          
  23          void key_control(char key)                      //控制按键不同状态对应的不同情况
  24          {
  25   1              switch (key)
  26   1              {
  27   2                      case (0xfe):                                    //移位
  28   2                      {
  29   3                              yiwei();
*** WARNING C206 IN LINE 29 OF ..\User\bsp_key.c: 'yiwei': missing function-prototype
  30   3                      };
  31   2                      break;
  32   2                      
  33   2                      case (0xfd):                                    //闪烁
  34   2                      {
  35   3                      flag=~flag;
  36   3                      if(flag!=0)                                     //关闭定时器中断
  37   3                      {
  38   4                              TR1=0;
  39   4                      }
  40   3                      if (flag==0)                                    //开启定时器中断
  41   3                      {
  42   4                              TR1=1;
  43   4                      }
  44   3                      }
  45   2                      break;
  46   2                      
  47   2                      case (0xfb):                                    //加
  48   2                      if(flag !=0)
  49   2                      {
  50   3                              jia();
*** WARNING C206 IN LINE 50 OF ..\User\bsp_key.c: 'jia': missing function-prototype
  51   3                      };break;
  52   2                      
C51 COMPILER V9.56.0.0   BSP_KEY                                                           10/17/2017 18:17:34 PAGE 2   

  53   2                      case (0xf7):                            //减
  54   2                      if(flag !=0)
  55   2                      {
  56   3                              jian();
*** WARNING C206 IN LINE 56 OF ..\User\bsp_key.c: 'jian': missing function-prototype
  57   3                      };break;
  58   2              }
  59   1      }
  60          
  61          void delay(int t)               //延迟函数
  62          {
  63   1             int i,j;
  64   1             for(i=t;i>0;i--)
  65   1             for(j=1000;j>0;j--);
  66   1      }
  67          
  68          
  69          
  70          


MODULE INFORMATION:   STATIC OVERLAYABLE
   CODE SIZE        =    153    ----
   CONSTANT SIZE    =   ----    ----
   XDATA SIZE       =   ----    ----
   PDATA SIZE       =   ----    ----
   DATA SIZE        =   ----       3
   IDATA SIZE       =   ----    ----
   BIT SIZE         =   ----    ----
END OF MODULE INFORMATION.


C51 COMPILATION COMPLETE.  3 WARNING(S),  0 ERROR(S)
