C51 COMPILER V9.56.0.0   MAIN                                                              10/17/2017 18:17:33 PAGE 1   


C51 COMPILER V9.56.0.0, COMPILATION OF MODULE MAIN
OBJECT MODULE PLACED IN ..\Output\main.obj
COMPILER INVOKED BY: D:\Program Files (x86)\keil\C51\BIN\C51.EXE ..\User\main.c OPTIMIZE(8,SPEED) BROWSE INCDIR(..\User)
                    - DEBUG OBJECTEXTEND PRINT(..\Listing\main.lst) TABS(8) OBJECT(..\Output\main.obj)

line level    source

   1          #include <reg51.h>
   2          #include "bsp_key.h"
   3          #include "interrupt.h"
   4          
   5          
   6          #define u8 unsigned char
   7          u8 SegCode[10]={0x3f,0x06,0x5b,0x4f,0x66,0x6d,0x7d,0x07,0x7f,0x6f};
   8          u8 KK[6]={0xfe,0xfd,0xfb,0xf7,0xef,0xdf};
   9          u8 c[6]={2,3,5,9,5,0};
  10          void miedeng();
  11          void dengliang();
  12          void yiwei();
  13          void xiaoshi();
  14          void fenzhong();
  15          void jia();
  16          void jian();
  17          char flag=0;
  18          int i,j=0;
  19          u8 num=0;u8 a;
  20          int main ()
  21          {
  22   1              IT0=1;
  23   1              TMOD = 0x10;
  24   1              TH1 = 0x0b;
  25   1              TL1 = 0xdc;
  26   1              IE = 0x89;
  27   1              TR1 = 1;
  28   1              while(1)
  29   1              {
  30   2                      dengliang();
  31   2                      miedeng();
  32   2              
  33   2              }
  34   1      }
  35          
  36          
  37          
  38          
  39          void miedeng ()                 //灭灯函数
  40          {
  41   1                      if(flag != 0)
  42   1                      {
  43   2                              for(j=10;j>0;j--)
  44   2                              {
  45   3                                      for(i=0;i<6;i++)
  46   3                                              {
  47   4                                                      if (i ==num)
  48   4                                                      { 
  49   5                                                              P1=0xff;
  50   5                                                              delay(1);
  51   5                                                      }
  52   4                                                      else
  53   4                                                      {
  54   5                                                              if(i==1||i==3)
C51 COMPILER V9.56.0.0   MAIN                                                              10/17/2017 18:17:33 PAGE 2   

  55   5                                                              {
  56   6                                                                      P1=KK[i];
  57   6                                                                      P0= SegCode[c[i]]|0x80;
  58   6                                                                      delay(1);
  59   6                                                              }
  60   5                                                              else
  61   5                                                              {
  62   6                                                                      P1=KK[i];
  63   6                                                                      P0=SegCode[c[i]];
  64   6                                                                      delay(1);
  65   6                                                              }
  66   5                                                      }
  67   4                                              }
  68   3                              }
  69   2                      }
  70   1      }
  71          
  72          void dengliang()                        //亮灯函数
  73          {
  74   1              for(j=10;j>0;j--)
  75   1                   {
  76   2                          for(i=0;i<6;i++)
  77   2                         { 
  78   3                                if(i==1||i==3)
  79   3                                {
  80   4                                       P1=KK[i];
  81   4                                       P0= SegCode[c[i]]|0x80;
  82   4                                       delay(1);
  83   4                                }
  84   3                                else
  85   3                                {
  86   4                                       P1=KK[i];
  87   4                                       P0=SegCode[c[i]];
  88   4                                       delay(1);
  89   4                                }
  90   3                         }
  91   2                  }
  92   1      }
  93          
  94          void xiaoshi()                          //调整小时函数
  95                  {        
  96   1                      if (c[0]==0||c[0]==1)
  97   1                      {
  98   2                                      c[1]+=1;
  99   2                                      if(c[1]>=10)
 100   2                                      {
 101   3                                      c[1]=0;
 102   3                                      c[0]=c[0]+1;
 103   3                                      }
 104   2                      }
 105   1                      else if (c[0]==2)
 106   1                      {
 107   2                                      c[1]+=1;
 108   2                                      if(c[1]>3)
 109   2                                      {
 110   3                                      c[1]=0;
 111   3                                      c[0]=0;
 112   3                                      }
 113   2                      }
 114   1              }
 115          
 116          void fenzhong()                         //调整分钟函数
C51 COMPILER V9.56.0.0   MAIN                                                              10/17/2017 18:17:33 PAGE 3   

 117                  {
 118   1                      c[3]+=1;
 119   1                      if(c[3]>=10)
 120   1                      {
 121   2                              c[3]=0;
 122   2                              c[2]=c[2]+1;
 123   2                              if (c[2]>=6)
 124   2                              {
 125   3                                      c[2]=0;
 126   3                                      xiaoshi();
 127   3                              }
 128   2                      }
 129   1              }
 130                  
 131          void yiwei()                            //移位函数
 132          {
 133   1                      if(flag !=0)
 134   1                      {
 135   2                              num+=1;
 136   2                              if (num>=6)
 137   2                              {
 138   3                                      num=num-6;
 139   3                              }
 140   2                      }
 141   1      }
 142          
 143          void jia()                              //加函数
 144          {
 145   1                      switch(num)
 146   1                      {
 147   2                              case(0):                        //第一位
 148   2                              {
 149   3                                      switch(c[num])
 150   3                                      {
 151   4                                              case (0):
 152   4                                              {
 153   5                                                      c[num]+=1;
 154   5                                              };break;
 155   4                                              
 156   4                                              case(1):
 157   4                                              {
 158   5                                                      if(c[num+1]>=4)
 159   5                                                      {
 160   6                                                              c[num]=2;
 161   6                                                              c[num+1]=3;
 162   6                                                      }
 163   5                                                      else
 164   5                                                      {
 165   6                                                              c[num]+=1;
 166   6                                                      };
 167   5                                              };break;
 168   4                                              
 169   4                                              case(2):
 170   4                                              {
 171   5                                              c[num]=0;
 172   5                                              };break;
 173   4                                      }
 174   3                              };break;
 175   2                              
 176   2                              case(1):                        //第二位
 177   2                              {
 178   3                                      if (c[0]==0||c[0]==1)
C51 COMPILER V9.56.0.0   MAIN                                                              10/17/2017 18:17:33 PAGE 4   

 179   3                                      {
 180   4                                              c[num]+=1;
 181   4                                              if(c[num]>=10)
 182   4                                              {
 183   5                                                      c[num]=0;
 184   5                                                      c[num-1]=c[num-1]+1;
 185   5                                              }
 186   4                                      }
 187   3                                      else if (c[0]==2)
 188   3                                      {
 189   4                                              c[num]+=1;
 190   4                                              if(c[num]>3)
 191   4                                              {
 192   5                                                      c[num]=0;
 193   5                                                      c[num-1]=0;
 194   5                                                      
 195   5                                              }
 196   4                                      };
 197   3                              };break;
 198   2                              
 199   2                              case(2):                        //第三位
 200   2                              {
 201   3                                      c[num]+=1;
 202   3                                      if(c[num]>=6)
 203   3                                      {
 204   4                                              c[num]=0;
 205   4                                      }
 206   3                              };break;
 207   2                              
 208   2                              
 209   2                              case(3):                        //第四位
 210   2                              {
 211   3                                      c[num]+=1;
 212   3                                      if(c[num]>=10)
 213   3                                      {
 214   4                                              c[num]=0;
 215   4                                              c[num-1]=c[num-1]+1;
 216   4                                              if (c[num-1]>=6)
 217   4                                              { 
 218   5                                                      c[num-1]=0;
 219   5                                                      xiaoshi();
 220   5                                              }
 221   4                                      }
 222   3                              };break;
 223   2                              
 224   2                              
 225   2                              case(4):                        //第五位
 226   2                              {
 227   3                                      c[num]+=1;
 228   3                                      if(c[num]>=6)
 229   3                                      {
 230   4                                              c[num]=0;
 231   4                                      }
 232   3                              };break;
 233   2                              
 234   2                              case(5):                        //第六位
 235   2                              {
 236   3                                      c[num]+=1;
 237   3                                      if(c[num]>=10)
 238   3                                      {
 239   4                                              c[num]=0;
 240   4                                              c[num-1]=c[num-1]+1;
C51 COMPILER V9.56.0.0   MAIN                                                              10/17/2017 18:17:33 PAGE 5   

 241   4                                              if (c[num-1]>=6)
 242   4                                              {
 243   5                                                      c[num-1]=0;
 244   5                                                      fenzhong();
 245   5                                              }
 246   4                                              
 247   4                                      }
 248   3                              };break;
 249   2                      }
 250   1      }
 251          
 252          void jian()                             //减函数   减到0停止
 253          {
 254   1                      if(c[num]>=1&&c[num]<10)
 255   1                      {
 256   2                              if (num ==0||num==1||num==2||num==3||num==4||num==5)
 257   2                              {
 258   3                                      c[num]=c[num]-1;
 259   3                              }
 260   2                      }
 261   1                      else
 262   1                      c[num]=0;
 263   1      }
 264          
 265          
 266          


MODULE INFORMATION:   STATIC OVERLAYABLE
   CODE SIZE        =    718    ----
   CONSTANT SIZE    =   ----    ----
   XDATA SIZE       =   ----    ----
   PDATA SIZE       =   ----    ----
   DATA SIZE        =     29    ----
   IDATA SIZE       =   ----    ----
   BIT SIZE         =   ----    ----
END OF MODULE INFORMATION.


C51 COMPILATION COMPLETE.  0 WARNING(S),  0 ERROR(S)
